<?xml version="1.0" encoding="UTF-8"?>
<!-- Generated by org.testng.reporters.JUnitXMLReporter -->
<testsuite ignored="4" hostname="LAPTOP-B6GUK874" failures="0" tests="3" name="Test" time="62.232" errors="0" timestamp="2022-06-15T18:57:08 IST">
  <testcase classname="TestCases.GroupTest_1" name="verifykitelogoTest" time="0.088"/>
  <testcase classname="TestCases.GroupTest_1" name="verifytitletest" time="0.008"/>
  <testcase classname="TestCases.DashboradPageTest" name="verifyusernametest" time="4.189"/>
  <testcase classname="TestCases.DashboradPageTest" name="verifyemailtest" time="0.0">
    <ignored/>
  </testcase> <!-- verifyemailtest -->
  <testcase classname="TestCases.GroupTest_1" name="verifyzerodhalogoTest" time="0.0">
    <ignored/>
  </testcase> <!-- verifyzerodhalogoTest -->
  <testcase classname="TestCases.GroupTest_1" name="LogintoappTest" time="0.0">
    <ignored/>
  </testcase> <!-- LogintoappTest -->
  <testcase classname="TestCases.DashboradPageTest" name="gttplaceorderTest" time="0.0">
    <ignored/>
  </testcase> <!-- gttplaceorderTest -->
</testsuite> <!-- Test -->
